[2025-07-26 19:46:29,325: ERROR: utils: Error reading yaml file: config\config.yaml, Error: 'WindowsPath' object has no attribute 'read']
[2025-07-26 19:46:29,327: ERROR: utils: Error reading yaml file: params.yaml, Error: 'WindowsPath' object has no attribute 'read']
[2025-07-26 19:47:35,545: ERROR: utils: Error reading yaml file: config\config.yaml, Error: 'WindowsPath' object has no attribute 'read']
[2025-07-26 19:48:01,765: ERROR: utils: Error reading yaml file: config\config.yaml, Error: 'WindowsPath' object has no attribute 'read']
[2025-07-26 19:50:58,139: ERROR: utils: Error reading yaml file: config\config.yaml, Error: 'WindowsPath' object has no attribute 'read']
[2025-07-26 19:51:51,296: ERROR: utils: Error reading yaml file: config\config.yaml, Error: 'WindowsPath' object has no attribute 'read']
[2025-07-26 19:51:55,131: ERROR: utils: Error reading yaml file: config\config.yaml, Error: 'WindowsPath' object has no attribute 'read']
[2025-07-26 19:51:55,132: ERROR: utils: Error reading yaml file: params.yaml, Error: 'WindowsPath' object has no attribute 'read']
[2025-07-26 19:52:26,283: INFO: utils: yaml file: config\config.yaml loaded successfully]
[2025-07-26 19:52:26,337: INFO: utils: yaml file: config\config.yaml loaded successfully]
[2025-07-26 19:52:26,339: INFO: utils: yaml file: params.yaml loaded successfully]
[2025-07-26 19:52:53,873: INFO: utils: yaml file: config\config.yaml loaded successfully]
[2025-07-26 19:52:53,875: INFO: utils: yaml file: params.yaml loaded successfully]
[2025-07-26 19:52:53,877: INFO: utils: Created Directory at: artifacts]
[2025-07-26 19:55:46,594: INFO: utils: yaml file: config\config.yaml loaded successfully]
[2025-07-26 19:55:46,596: INFO: utils: yaml file: params.yaml loaded successfully]
[2025-07-26 19:55:54,496: INFO: utils: yaml file: config\config.yaml loaded successfully]
[2025-07-26 19:55:54,554: INFO: utils: yaml file: config\config.yaml loaded successfully]
[2025-07-26 19:55:54,555: INFO: utils: yaml file: params.yaml loaded successfully]
[2025-07-26 19:57:40,078: INFO: utils: yaml file: config\config.yaml loaded successfully]
[2025-07-26 19:57:48,059: INFO: utils: yaml file: config\config.yaml loaded successfully]
[2025-07-26 19:57:48,062: INFO: utils: yaml file: params.yaml loaded successfully]
[2025-07-26 19:58:19,342: INFO: utils: yaml file: config\config.yaml loaded successfully]
[2025-07-26 19:58:19,344: INFO: utils: yaml file: params.yaml loaded successfully]
[2025-07-26 19:58:41,896: INFO: utils: yaml file: config\config.yaml loaded successfully]
[2025-07-26 19:58:41,899: INFO: utils: yaml file: params.yaml loaded successfully]
[2025-07-26 19:58:41,901: INFO: utils: Created Directory at: artifacts]
[2025-07-26 19:58:41,903: INFO: utils: Created Directory at: artifacts/data_ingestion]
[2025-07-26 19:58:41,907: ERROR: 632793638: Error reading data from data\bank_subscription.xlsx: Missing optional dependency 'openpyxl'.  Use pip or conda to install openpyxl.]
[2025-07-26 20:01:19,158: INFO: utils: yaml file: config\config.yaml loaded successfully]
[2025-07-26 20:01:19,214: INFO: utils: yaml file: config\config.yaml loaded successfully]
[2025-07-26 20:01:19,216: INFO: utils: yaml file: params.yaml loaded successfully]
[2025-07-26 20:01:19,218: INFO: utils: Created Directory at: artifacts]
[2025-07-26 20:01:19,220: INFO: utils: Created Directory at: artifacts/data_ingestion]
[2025-07-26 20:01:26,260: INFO: 632793638: Data read successfully from data\bank_subscription.xlsx]
[2025-07-26 20:01:48,159: INFO: utils: yaml file: config\config.yaml loaded successfully]
[2025-07-26 20:01:48,162: INFO: utils: yaml file: params.yaml loaded successfully]
[2025-07-26 20:01:48,163: INFO: utils: Created Directory at: artifacts]
[2025-07-26 20:01:48,164: INFO: utils: Created Directory at: artifacts/data_ingestion]
[2025-07-26 20:01:55,294: INFO: 1635798359: Data read successfully from data\bank_subscription.xlsx]
[2025-07-27 04:16:29,967: INFO: utils: yaml file: config\config.yaml loaded successfully]
[2025-07-27 04:22:34,319: INFO: utils: yaml file: config\config.yaml loaded successfully]
[2025-07-27 04:22:34,322: INFO: utils: yaml file: params.yaml loaded successfully]
[2025-07-27 04:22:34,323: INFO: utils: Created Directory at: artifacts]
[2025-07-27 04:22:34,325: INFO: utils: Created Directory at: artifacts/data_ingestion]
[2025-07-27 04:22:51,378: INFO: utils: yaml file: config\config.yaml loaded successfully]
[2025-07-27 04:22:51,380: INFO: utils: yaml file: params.yaml loaded successfully]
[2025-07-27 04:22:51,382: INFO: utils: Created Directory at: artifacts]
[2025-07-27 04:22:51,383: INFO: utils: Created Directory at: artifacts/data_ingestion]
[2025-07-27 04:22:56,333: INFO: 1208334827: Data read successfully from data\bank_subscription.xlsx]
[2025-07-27 04:22:56,519: INFO: 1208334827: Data saved successfully to data_ingestion\data\data.csv]
[2025-07-27 04:23:23,780: INFO: utils: yaml file: config\config.yaml loaded successfully]
[2025-07-27 04:23:24,922: INFO: utils: yaml file: config\config.yaml loaded successfully]
[2025-07-27 04:23:24,924: INFO: utils: yaml file: params.yaml loaded successfully]
[2025-07-27 04:23:24,926: INFO: utils: Created Directory at: artifacts]
[2025-07-27 04:23:24,928: INFO: utils: Created Directory at: artifacts/data_ingestion]
[2025-07-27 04:23:29,243: INFO: 1208334827: Data read successfully from data\bank_subscription.xlsx]
[2025-07-27 04:23:29,393: INFO: 1208334827: Data saved successfully to artifacts\data_ingestion\data\data.csv]
[2025-07-27 05:00:21,071: INFO: utils: yaml file: config\config.yaml loaded successfully]
[2025-07-27 05:00:21,093: INFO: utils: yaml file: params.yaml loaded successfully]
[2025-07-27 05:00:21,094: INFO: utils: Created Directory at: artifacts]
[2025-07-27 05:00:21,096: INFO: utils: Created Directory at: artifacts/data_transformation]
[2025-07-27 05:00:21,097: INFO: 4021160236: Error while trying to standardize features]
[2025-07-27 05:01:11,856: INFO: utils: yaml file: config\config.yaml loaded successfully]
[2025-07-27 05:01:11,858: INFO: utils: yaml file: params.yaml loaded successfully]
[2025-07-27 05:01:11,860: INFO: utils: Created Directory at: artifacts]
[2025-07-27 05:01:11,862: INFO: utils: Created Directory at: artifacts/data_transformation]
[2025-07-27 05:01:11,863: INFO: 232940825: Error while trying to standardize features]
[2025-07-27 05:02:46,560: INFO: utils: yaml file: config\config.yaml loaded successfully]
[2025-07-27 05:02:46,562: INFO: utils: yaml file: params.yaml loaded successfully]
[2025-07-27 05:02:46,563: INFO: utils: Created Directory at: artifacts]
[2025-07-27 05:02:46,564: INFO: utils: Created Directory at: artifacts/data_transformation]
[2025-07-27 05:02:46,565: ERROR: 3378151566: Error reading data from data_ingestion\data\data.csv: [Errno 2] No such file or directory: 'data_ingestion\\data\\data.csv']
[2025-07-27 05:03:20,344: INFO: utils: yaml file: config\config.yaml loaded successfully]
[2025-07-27 05:03:20,346: INFO: utils: yaml file: params.yaml loaded successfully]
[2025-07-27 05:03:20,347: INFO: utils: Created Directory at: artifacts]
[2025-07-27 05:03:20,348: INFO: utils: Created Directory at: artifacts/data_transformation]
[2025-07-27 05:03:20,417: INFO: 3378151566: Data read successfully from artifacts\data_ingestion\data\data.csv]
[2025-07-27 05:03:20,453: INFO: 3378151566: One Hot Encoded the categorical columns successfully.]
[2025-07-27 05:03:20,461: INFO: 3378151566: Standardized numerical columns successfully.]
[2025-07-27 05:03:20,957: INFO: 3378151566: Transformed Data saved successfully to artifacts\data_transformation\data\processed_data.csv\data.csv]
[2025-07-27 05:04:20,352: INFO: utils: yaml file: config\config.yaml loaded successfully]
[2025-07-27 05:04:20,353: INFO: utils: yaml file: params.yaml loaded successfully]
[2025-07-27 05:04:20,354: INFO: utils: Created Directory at: artifacts]
[2025-07-27 05:04:20,356: INFO: utils: Created Directory at: artifacts/data_transformation]
[2025-07-27 05:04:20,426: INFO: 518047259: Data read successfully from artifacts\data_ingestion\data\data.csv]
[2025-07-27 05:04:20,466: INFO: 518047259: One Hot Encoded the categorical columns successfully.]
[2025-07-27 05:04:20,474: INFO: 518047259: Standardized numerical columns successfully.]
[2025-07-27 05:04:20,987: INFO: 518047259: Transformed Data saved successfully to artifacts\data_transformation\data\processed_data.csv]
[2025-07-27 05:14:00,463: INFO: main: Starting stage: Data Ingestion Stage]
[2025-07-27 05:14:00,464: INFO: utils: yaml file: config\config.yaml loaded successfully]
[2025-07-27 05:14:00,465: INFO: utils: yaml file: params.yaml loaded successfully]
[2025-07-27 05:14:00,466: INFO: utils: Created Directory at: artifacts]
[2025-07-27 05:14:00,466: INFO: utils: Created Directory at: artifacts/data_ingestion]
[2025-07-27 05:14:04,017: INFO: data_ingestion: Data read successfully from data/bank_subscription.xlsx]
[2025-07-27 05:14:04,017: ERROR: main: 'DataIngestionConfig' object has no attribute 'save_file']
Traceback (most recent call last):
  File "C:\Users\Ansh Lulla\VS-Code\MLOps-Practice\src\components\data_ingestion.py", line 22, in save_data
    os.makedirs(self.config.save_file, exist_ok=True)
                ^^^^^^^^^^^^^^^^^^^^^
AttributeError: 'DataIngestionConfig' object has no attribute 'save_file'. Did you mean: 'data_file'?

During handling of the above exception, another exception occurred:

Traceback (most recent call last):
  File "C:\Users\Ansh Lulla\VS-Code\MLOps-Practice\main.py", line 9, in <module>
    data_ingestion_pipeline.initiate_data_ingestion()
    ~~~~~~~~~~~~~~~~~~~~~~~~~~~~~~~~~~~~~~~~~~~~~~~^^
  File "C:\Users\Ansh Lulla\VS-Code\MLOps-Practice\src\pipeline\data_ingestion_pipeline.py", line 14, in initiate_data_ingestion
    data_ingestion.save_data(df)
    ~~~~~~~~~~~~~~~~~~~~~~~~^^^^
  File "C:\Users\Ansh Lulla\VS-Code\MLOps-Practice\src\components\data_ingestion.py", line 27, in save_data
    logging.error(f"Error saving data to {self.config.save_file}: {e}")
                                          ^^^^^^^^^^^^^^^^^^^^^
AttributeError: 'DataIngestionConfig' object has no attribute 'save_file'. Did you mean: 'data_file'?
[2025-07-27 05:17:08,133: INFO: main: Starting stage: Data Ingestion Stage]
[2025-07-27 05:17:08,134: INFO: utils: yaml file: config\config.yaml loaded successfully]
[2025-07-27 05:17:08,135: INFO: utils: yaml file: params.yaml loaded successfully]
[2025-07-27 05:17:08,136: INFO: utils: Created Directory at: artifacts]
[2025-07-27 05:17:08,136: INFO: utils: Created Directory at: artifacts/data_ingestion]
[2025-07-27 05:17:12,950: INFO: data_ingestion: Data read successfully from data/bank_subscription.xlsx]
[2025-07-27 05:17:12,988: INFO: data_ingestion: Data saved successfully to artifacts/data_ingestion/data\data.csv]
[2025-07-27 05:17:12,990: INFO: main: Data Ingestion Stage completed ------]
[2025-07-27 05:17:12,990: INFO: main: Starting stage: Data Transformation Stage]
[2025-07-27 05:17:12,992: INFO: utils: yaml file: config\config.yaml loaded successfully]
[2025-07-27 05:17:12,992: INFO: utils: yaml file: params.yaml loaded successfully]
[2025-07-27 05:17:12,993: INFO: utils: Created Directory at: artifacts]
[2025-07-27 05:17:12,993: INFO: utils: Created Directory at: artifacts/data_transformation]
[2025-07-27 05:17:13,007: INFO: data_transformation: Data read successfully from artifacts\data_ingestion\data\data.csv]
[2025-07-27 05:17:13,033: INFO: data_transformation: One Hot Encoded the categorical columns successfully.]
[2025-07-27 05:17:13,037: INFO: data_transformation: Standardized numerical columns successfully.]
[2025-07-27 05:17:13,041: INFO: data_transformation: Transformed Data saved successfully to artifacts\data_transformation\data\processed_data.csv]
[2025-07-27 05:17:13,042: INFO: main: Data Transformation Stage completed ------]
[2025-07-27 05:22:19,575: INFO: pipeline: Starting stage: Data Ingestion Stage]
[2025-07-27 05:22:19,576: INFO: utils: yaml file: config\config.yaml loaded successfully]
[2025-07-27 05:22:19,577: INFO: utils: yaml file: params.yaml loaded successfully]
[2025-07-27 05:22:19,577: INFO: utils: Created Directory at: artifacts]
[2025-07-27 05:22:19,577: INFO: utils: Created Directory at: artifacts/data_ingestion]
[2025-07-27 05:22:23,639: INFO: data_ingestion: Data read successfully from data/bank_subscription.xlsx]
[2025-07-27 05:22:23,645: INFO: data_ingestion: Data saved successfully to artifacts/data_ingestion/data\data.csv]
[2025-07-27 05:22:23,647: INFO: pipeline: Data Ingestion Stage completed ------]
[2025-07-27 05:22:23,647: INFO: pipeline: Starting stage: Data Transformation Stage]
[2025-07-27 05:22:23,648: INFO: utils: yaml file: config\config.yaml loaded successfully]
[2025-07-27 05:22:23,649: INFO: utils: yaml file: params.yaml loaded successfully]
[2025-07-27 05:22:23,649: INFO: utils: Created Directory at: artifacts]
[2025-07-27 05:22:23,650: INFO: utils: Created Directory at: artifacts/data_transformation]
[2025-07-27 05:22:23,654: INFO: data_transformation: Data read successfully from artifacts\data_ingestion\data\data.csv]
[2025-07-27 05:22:23,662: INFO: data_transformation: One Hot Encoded the categorical columns successfully.]
[2025-07-27 05:22:23,665: INFO: data_transformation: Standardized numerical columns successfully.]
[2025-07-27 05:22:23,667: INFO: data_transformation: Transformed Data saved successfully to artifacts\data_transformation\data\processed_data.csv]
[2025-07-27 05:22:23,667: INFO: pipeline: Data Transformation Stage completed ------]
[2025-07-27 05:23:01,776: INFO: pipeline: Starting stage: Data Ingestion Stage]
[2025-07-27 05:23:01,777: INFO: utils: yaml file: config\config.yaml loaded successfully]
[2025-07-27 05:23:01,778: INFO: utils: yaml file: params.yaml loaded successfully]
[2025-07-27 05:23:01,778: INFO: utils: Created Directory at: artifacts]
[2025-07-27 05:23:01,779: INFO: utils: Created Directory at: artifacts/data_ingestion]
[2025-07-27 05:23:05,836: INFO: data_ingestion: Data read successfully from data/bank_subscription.xlsx]
[2025-07-27 05:23:05,841: INFO: data_ingestion: Data saved successfully to artifacts/data_ingestion/data\data.csv]
[2025-07-27 05:23:05,843: INFO: pipeline: Data Ingestion Stage completed ------]
[2025-07-27 05:23:05,843: INFO: pipeline: Starting stage: Data Transformation Stage]
[2025-07-27 05:23:05,844: INFO: utils: yaml file: config\config.yaml loaded successfully]
[2025-07-27 05:23:05,845: INFO: utils: yaml file: params.yaml loaded successfully]
[2025-07-27 05:23:05,845: INFO: utils: Created Directory at: artifacts]
[2025-07-27 05:23:05,846: INFO: utils: Created Directory at: artifacts/data_transformation]
[2025-07-27 05:23:05,849: INFO: data_transformation: Data read successfully from artifacts\data_ingestion\data\data.csv]
[2025-07-27 05:23:05,857: INFO: data_transformation: One Hot Encoded the categorical columns successfully.]
[2025-07-27 05:23:05,860: INFO: data_transformation: Standardized numerical columns successfully.]
[2025-07-27 05:23:05,861: INFO: data_transformation: Transformed Data saved successfully to artifacts\data_transformation\data\processed_data.csv]
[2025-07-27 05:23:05,862: INFO: pipeline: Data Transformation Stage completed ------]
[2025-07-27 05:23:05,862: INFO: main: ---All Pipelines Completed---]
